journey/build/outputs/logs/manifest-merger-debug-report.txt
-- Merging decision tree log ---
manifest
ADDED from src\main\AndroidManifest.xml:2:1-129:12
	xmlns:android
		ADDED from src\main\AndroidManifest.xml:2:11-69
	package
		ADDED from src\main\AndroidManifest.xml:3:5-34
		INJECTED from src\main\AndroidManifest.xml
		ADDED from src\main\AndroidManifest.xml:3:5-34
		INJECTED from src\debug\AndroidManifest.xml
	android:versionName
		ADDED from src\main\AndroidManifest.xml:5:5-30
		INJECTED from src\main\AndroidManifest.xml
		ADDED from src\main\AndroidManifest.xml:5:5-30
		INJECTED from src\debug\AndroidManifest.xml
	android:versionCode
		ADDED from src\main\AndroidManifest.xml:4:5-28
		INJECTED from src\main\AndroidManifest.xml
		ADDED from src\main\AndroidManifest.xml:4:5-28
		INJECTED from src\debug\AndroidManifest.xml
uses-sdk
ADDED from src\main\AndroidManifest.xml:7:5-9:41
MERGED from [com.daimajia.swipelayout:library:1.2.0] AndroidManifest.xml:6:5-8:41
MERGED from [cn.pedant.sweetalert:library:1.3] AndroidManifest.xml:7:5-9:41
MERGED from [com.pnikosis:materialish-progress:1.0] AndroidManifest.xml:7:5-9:41
MERGED from [com.android.support:appcompat-v7:21.0.0] AndroidManifest.xml:15:5-42
MERGED from [com.android.support:support-v4:24.0.0] AndroidManifest.xml:21:5-23:54
MERGED from [com.android.support:support-v4:24.0.0] AndroidManifest.xml:21:5-23:54
MERGED from [com.android.support:recyclerview-v7:24.0.0] AndroidManifest.xml:20:5-43
MERGED from [com.android.support:support-v4:24.0.0] AndroidManifest.xml:21:5-23:54
MERGED from [com.zhy:okhttputils:2.6.2] AndroidManifest.xml:7:5-9:41
MERGED from [com.github.dmytrodanylyk.circular-progress-button:library:1.1.3] AndroidManifest.xml:8:5-10:41
	android:targetSdkVersion
		ADDED from src\main\AndroidManifest.xml:9:9-38
		INJECTED from src\main\AndroidManifest.xml
		INJECTED from src\debug\AndroidManifest.xml
	android:minSdkVersion
		ADDED from src\main\AndroidManifest.xml:8:9-35
		INJECTED from src\main\AndroidManifest.xml
		INJECTED from src\debug\AndroidManifest.xml
	tools:overrideLibrary
		ADDED from [com.android.support:support-v4:24.0.0] AndroidManifest.xml:23:9-51
uses-permission#android.permission.ACCESS_COARSE_LOCATION
ADDED from src\main\AndroidManifest.xml:12:5-81
	android:name
		ADDED from src\main\AndroidManifest.xml:12:22-78
uses-permission#android.permission.ACCESS_FINE_LOCATION
ADDED from src\main\AndroidManifest.xml:13:5-79
	android:name
		ADDED from src\main\AndroidManifest.xml:13:22-76
uses-permission#android.permission.ACCESS_WIFI_STATE
ADDED from src\main\AndroidManifest.xml:14:5-76
	android:name
		ADDED from src\main\AndroidManifest.xml:14:22-73
uses-permission#android.permission.ACCESS_NETWORK_STATE
ADDED from src\main\AndroidManifest.xml:15:5-79
	android:name
		ADDED from src\main\AndroidManifest.xml:15:22-76
uses-permission#android.permission.CHANGE_WIFI_STATE
ADDED from src\main\AndroidManifest.xml:16:5-76
	android:name
		ADDED from src\main\AndroidManifest.xml:16:22-73
uses-permission#android.permission.READ_PHONE_STATE
ADDED from src\main\AndroidManifest.xml:17:5-75
	android:name
		ADDED from src\main\AndroidManifest.xml:17:22-72
uses-permission#android.permission.WRITE_EXTERNAL_STORAGE
ADDED from src\main\AndroidManifest.xml:18:5-81
	android:name
		ADDED from src\main\AndroidManifest.xml:18:22-78
uses-permission#android.permission.READ_EXTERNAL_STORAGE
ADDED from src\main\AndroidManifest.xml:19:5-80
	android:name
		ADDED from src\main\AndroidManifest.xml:19:22-77
uses-permission#android.permission.INTERNET
ADDED from src\main\AndroidManifest.xml:20:5-67
	android:name
		ADDED from src\main\AndroidManifest.xml:20:22-64
uses-permission#android.permission.MOUNT_UNMOUNT_FILESYSTEMS
ADDED from src\main\AndroidManifest.xml:21:5-84
	android:name
		ADDED from src\main\AndroidManifest.xml:21:22-81
uses-permission#android.permission.READ_LOGS
ADDED from src\main\AndroidManifest.xml:22:5-68
	android:name
		ADDED from src\main\AndroidManifest.xml:22:22-65
uses-permission#android.permission.VIBRATE
ADDED from src\main\AndroidManifest.xml:23:5-66
	android:name
		ADDED from src\main\AndroidManifest.xml:23:22-63
uses-permission#android.permission.WAKE_LOCK
ADDED from src\main\AndroidManifest.xml:24:5-68
	android:name
		ADDED from src\main\AndroidManifest.xml:24:22-65
uses-permission#android.permission.WRITE_SETTINGS
ADDED from src\main\AndroidManifest.xml:25:5-73
	android:name
		ADDED from src\main\AndroidManifest.xml:25:22-70
uses-permission#android.permission.WRITE_APN_SETTINGS
ADDED from src\main\AndroidManifest.xml:28:5-77
	android:name
		ADDED from src\main\AndroidManifest.xml:28:22-74
uses-permission#android.permission.RECORD_AUDIO
ADDED from src\main\AndroidManifest.xml:31:5-71
	android:name
		ADDED from src\main\AndroidManifest.xml:31:22-68
uses-permission#android.permission.CAMERA
ADDED from src\main\AndroidManifest.xml:32:5-65
	android:name
		ADDED from src\main\AndroidManifest.xml:32:22-62
uses-permission#android.permission.MODIFY_AUDIO_SETTINGS
ADDED from src\main\AndroidManifest.xml:41:5-80
	android:name
		ADDED from src\main\AndroidManifest.xml:41:22-77
uses-permission#android.permission.RECEIVE_BOOT_COMPLETED
ADDED from src\main\AndroidManifest.xml:43:5-81
	android:name
		ADDED from src\main\AndroidManifest.xml:43:22-78
uses-permission#android.permission.GET_TASKS
ADDED from src\main\AndroidManifest.xml:44:5-67
	android:name
		ADDED from src\main\AndroidManifest.xml:44:22-65
application
ADDED from src\main\AndroidManifest.xml:52:5-127:19
MERGED from [cn.pedant.sweetalert:library:1.3] AndroidManifest.xml:11:5-20
MERGED from [com.pnikosis:materialish-progress:1.0] AndroidManifest.xml:11:5-15:19
MERGED from [com.android.support:appcompat-v7:21.0.0] AndroidManifest.xml:16:5-19
MERGED from [com.android.support:support-v4:24.0.0] AndroidManifest.xml:25:5-20
MERGED from [com.android.support:support-v4:24.0.0] AndroidManifest.xml:25:5-20
MERGED from [com.android.support:support-v4:24.0.0] AndroidManifest.xml:25:5-20
MERGED from [com.github.dmytrodanylyk.circular-progress-button:library:1.1.3] AndroidManifest.xml:12:5-20
	android:label
		ADDED from src\main\AndroidManifest.xml:58:9-41
	android:allowBackup
		ADDED from src\main\AndroidManifest.xml:56:9-35
	android:icon
		ADDED from src\main\AndroidManifest.xml:57:9-45
		REJECTED from [com.pnikosis:materialish-progress:1.0] AndroidManifest.xml:13:9-45
	android:theme
		ADDED from src\main\AndroidManifest.xml:59:9-40
	xmlns:tools
		ADDED from src\main\AndroidManifest.xml:53:9-55
	tools:replace
		ADDED from src\main\AndroidManifest.xml:54:9-51
	android:name
		ADDED from src\main\AndroidManifest.xml:55:9-45
activity#com.wipe.zc.journey.ui.activity.LaunchActivity
ADDED from src\main\AndroidManifest.xml:60:9-69:20
	android:label
		ADDED from src\main\AndroidManifest.xml:62:13-45
	android:theme
		ADDED from src\main\AndroidManifest.xml:63:13-61
	android:name
		ADDED from src\main\AndroidManifest.xml:61:13-55
intent-filter#android.intent.action.MAIN+android.intent.category.LAUNCHER
ADDED from src\main\AndroidManifest.xml:64:13-68:29
action#android.intent.action.MAIN
ADDED from src\main\AndroidManifest.xml:65:17-69
	android:name
		ADDED from src\main\AndroidManifest.xml:65:25-66
category#android.intent.category.LAUNCHER
ADDED from src\main\AndroidManifest.xml:67:17-77
	android:name
		ADDED from src\main\AndroidManifest.xml:67:27-74
activity#com.wipe.zc.journey.ui.activity.LoginActivity
ADDED from src\main\AndroidManifest.xml:72:9-63
	android:name
		ADDED from src\main\AndroidManifest.xml:72:19-60
activity#com.wipe.zc.journey.ui.activity.RegisterActivity
ADDED from src\main\AndroidManifest.xml:75:9-66
	android:name
		ADDED from src\main\AndroidManifest.xml:75:19-63
activity#com.wipe.zc.journey.ui.activity.HomeActivity
ADDED from src\main\AndroidManifest.xml:78:9-62
	android:name
		ADDED from src\main\AndroidManifest.xml:78:19-59
activity#com.wipe.zc.journey.ui.activity.AddJourneyActivity
ADDED from src\main\AndroidManifest.xml:81:9-68
	android:name
		ADDED from src\main\AndroidManifest.xml:81:19-65
activity#com.wipe.zc.journey.ui.activity.LocationActivity
ADDED from src\main\AndroidManifest.xml:84:9-66
	android:name
		ADDED from src\main\AndroidManifest.xml:84:19-63
activity#com.wipe.zc.journey.ui.activity.MessageActivity
ADDED from src\main\AndroidManifest.xml:87:9-65
	android:name
		ADDED from src\main\AndroidManifest.xml:87:19-62
service#com.baidu.location.f
ADDED from src\main\AndroidManifest.xml:90:9-98:19
	android:process
		ADDED from src\main\AndroidManifest.xml:94:13-38
	android:enabled
		ADDED from src\main\AndroidManifest.xml:92:13-35
	android:permission
		ADDED from src\main\AndroidManifest.xml:93:13-75
	android:name
		ADDED from src\main\AndroidManifest.xml:91:13-48
intent-filter#com.baidu.location.service_v2.2
ADDED from src\main\AndroidManifest.xml:95:13-97:29
action#com.baidu.location.service_v2.2
ADDED from src\main\AndroidManifest.xml:96:17-74
	android:name
		ADDED from src\main\AndroidManifest.xml:96:25-71
meta-data#com.baidu.lbsapi.API_KEY
ADDED from src\main\AndroidManifest.xml:100:9-102:56
	android:name
		ADDED from src\main\AndroidManifest.xml:101:13-52
	android:value
		ADDED from src\main\AndroidManifest.xml:102:13-53
activity#com.wipe.zc.journey.ui.activity.ChangePasswordActivity
ADDED from src\main\AndroidManifest.xml:104:9-106:70
	android:label
		ADDED from src\main\AndroidManifest.xml:106:13-67
	android:name
		ADDED from src\main\AndroidManifest.xml:105:13-63
meta-data#EASEMOB_APPKEY
ADDED from src\main\AndroidManifest.xml:109:9-111:47
	android:name
		ADDED from src\main\AndroidManifest.xml:110:13-42
	android:value
		ADDED from src\main\AndroidManifest.xml:111:13-44
service#com.easemob.chat.EMChatService
ADDED from src\main\AndroidManifest.xml:113:9-66
	android:name
		ADDED from src\main\AndroidManifest.xml:113:18-63
activity#com.wipe.zc.journey.ui.activity.ChatActivity
ADDED from src\main\AndroidManifest.xml:116:9-120:20
	android:windowSoftInputMode
		ADDED from src\main\AndroidManifest.xml:118:13-64
	android:label
		ADDED from src\main\AndroidManifest.xml:119:13-56
	android:name
		ADDED from src\main\AndroidManifest.xml:117:13-53
activity#com.wipe.zc.journey.ui.activity.EditJourneyDetailActivity
ADDED from src\main\AndroidManifest.xml:123:9-74
	android:name
		ADDED from src\main\AndroidManifest.xml:123:19-72
activity#com.wipe.zc.journey.ui.activity.AlbumActivity
ADDED from src\main\AndroidManifest.xml:125:9-62
	android:name
		ADDED from src\main\AndroidManifest.xml:125:19-60